
code.elf:     file format elf32-avr


Disassembly of section .text:

00000000 <__vectors>:
   0:	0c 94 34 00 	jmp	0x68	; 0x68 <__ctors_end>
   4:	0c 94 51 00 	jmp	0xa2	; 0xa2 <__bad_interrupt>
   8:	0c 94 51 00 	jmp	0xa2	; 0xa2 <__bad_interrupt>
   c:	0c 94 53 00 	jmp	0xa6	; 0xa6 <__vector_3>
  10:	0c 94 51 00 	jmp	0xa2	; 0xa2 <__bad_interrupt>
  14:	0c 94 51 00 	jmp	0xa2	; 0xa2 <__bad_interrupt>
  18:	0c 94 51 00 	jmp	0xa2	; 0xa2 <__bad_interrupt>
  1c:	0c 94 51 00 	jmp	0xa2	; 0xa2 <__bad_interrupt>
  20:	0c 94 51 00 	jmp	0xa2	; 0xa2 <__bad_interrupt>
  24:	0c 94 51 00 	jmp	0xa2	; 0xa2 <__bad_interrupt>
  28:	0c 94 51 00 	jmp	0xa2	; 0xa2 <__bad_interrupt>
  2c:	0c 94 51 00 	jmp	0xa2	; 0xa2 <__bad_interrupt>
  30:	0c 94 51 00 	jmp	0xa2	; 0xa2 <__bad_interrupt>
  34:	0c 94 51 00 	jmp	0xa2	; 0xa2 <__bad_interrupt>
  38:	0c 94 51 00 	jmp	0xa2	; 0xa2 <__bad_interrupt>
  3c:	0c 94 51 00 	jmp	0xa2	; 0xa2 <__bad_interrupt>
  40:	0c 94 51 00 	jmp	0xa2	; 0xa2 <__bad_interrupt>
  44:	0c 94 51 00 	jmp	0xa2	; 0xa2 <__bad_interrupt>
  48:	0c 94 51 00 	jmp	0xa2	; 0xa2 <__bad_interrupt>
  4c:	0c 94 51 00 	jmp	0xa2	; 0xa2 <__bad_interrupt>
  50:	0c 94 51 00 	jmp	0xa2	; 0xa2 <__bad_interrupt>
  54:	0c 94 51 00 	jmp	0xa2	; 0xa2 <__bad_interrupt>
  58:	0c 94 51 00 	jmp	0xa2	; 0xa2 <__bad_interrupt>
  5c:	0c 94 51 00 	jmp	0xa2	; 0xa2 <__bad_interrupt>
  60:	0c 94 51 00 	jmp	0xa2	; 0xa2 <__bad_interrupt>
  64:	0c 94 51 00 	jmp	0xa2	; 0xa2 <__bad_interrupt>

00000068 <__ctors_end>:
  68:	11 24       	eor	r1, r1
  6a:	1f be       	out	0x3f, r1	; 63
  6c:	cf ef       	ldi	r28, 0xFF	; 255
  6e:	d8 e0       	ldi	r29, 0x08	; 8
  70:	de bf       	out	0x3e, r29	; 62
  72:	cd bf       	out	0x3d, r28	; 61

00000074 <__do_copy_data>:
  74:	11 e0       	ldi	r17, 0x01	; 1
  76:	a0 e0       	ldi	r26, 0x00	; 0
  78:	b1 e0       	ldi	r27, 0x01	; 1
  7a:	e6 e3       	ldi	r30, 0x36	; 54
  7c:	f2 e0       	ldi	r31, 0x02	; 2
  7e:	02 c0       	rjmp	.+4      	; 0x84 <__do_copy_data+0x10>
  80:	05 90       	lpm	r0, Z+
  82:	0d 92       	st	X+, r0
  84:	a2 30       	cpi	r26, 0x02	; 2
  86:	b1 07       	cpc	r27, r17
  88:	d9 f7       	brne	.-10     	; 0x80 <__do_copy_data+0xc>

0000008a <__do_clear_bss>:
  8a:	21 e0       	ldi	r18, 0x01	; 1
  8c:	a2 e0       	ldi	r26, 0x02	; 2
  8e:	b1 e0       	ldi	r27, 0x01	; 1
  90:	01 c0       	rjmp	.+2      	; 0x94 <.do_clear_bss_start>

00000092 <.do_clear_bss_loop>:
  92:	1d 92       	st	X+, r1

00000094 <.do_clear_bss_start>:
  94:	a5 30       	cpi	r26, 0x05	; 5
  96:	b2 07       	cpc	r27, r18
  98:	e1 f7       	brne	.-8      	; 0x92 <.do_clear_bss_loop>
  9a:	0e 94 e7 00 	call	0x1ce	; 0x1ce <main>
  9e:	0c 94 19 01 	jmp	0x232	; 0x232 <_exit>

000000a2 <__bad_interrupt>:
  a2:	0c 94 00 00 	jmp	0	; 0x0 <__vectors>

000000a6 <__vector_3>:
  a6:	1f 92       	push	r1
  a8:	1f b6       	in	r1, 0x3f	; 63
  aa:	1f 92       	push	r1
  ac:	11 24       	eor	r1, r1
  ae:	2f 93       	push	r18
  b0:	3f 93       	push	r19
  b2:	8f 93       	push	r24
  b4:	9f 93       	push	r25
  b6:	18 9b       	sbis	0x03, 0	; 3
  b8:	0f c0       	rjmp	.+30     	; 0xd8 <__vector_3+0x32>
  ba:	20 91 02 01 	lds	r18, 0x0102	; 0x800102 <piscando_continua>
  be:	30 91 03 01 	lds	r19, 0x0103	; 0x800103 <piscando_continua+0x1>
  c2:	81 e0       	ldi	r24, 0x01	; 1
  c4:	90 e0       	ldi	r25, 0x00	; 0
  c6:	21 15       	cp	r18, r1
  c8:	31 05       	cpc	r19, r1
  ca:	11 f0       	breq	.+4      	; 0xd0 <__vector_3+0x2a>
  cc:	90 e0       	ldi	r25, 0x00	; 0
  ce:	80 e0       	ldi	r24, 0x00	; 0
  d0:	90 93 03 01 	sts	0x0103, r25	; 0x800103 <piscando_continua+0x1>
  d4:	80 93 02 01 	sts	0x0102, r24	; 0x800102 <piscando_continua>
  d8:	28 98       	cbi	0x05, 0	; 5
  da:	9f 91       	pop	r25
  dc:	8f 91       	pop	r24
  de:	3f 91       	pop	r19
  e0:	2f 91       	pop	r18
  e2:	1f 90       	pop	r1
  e4:	1f be       	out	0x3f, r1	; 63
  e6:	1f 90       	pop	r1
  e8:	18 95       	reti

000000ea <ledsOff>:
  ea:	80 91 00 01 	lds	r24, 0x0100	; 0x800100 <val>
  ee:	88 23       	and	r24, r24
  f0:	31 f0       	breq	.+12     	; 0xfe <ledsOff+0x14>
  f2:	80 91 02 01 	lds	r24, 0x0102	; 0x800102 <piscando_continua>
  f6:	90 91 03 01 	lds	r25, 0x0103	; 0x800103 <piscando_continua+0x1>
  fa:	89 2b       	or	r24, r25
  fc:	09 f0       	breq	.+2      	; 0x100 <ledsOff+0x16>
  fe:	08 95       	ret
 100:	84 e6       	ldi	r24, 0x64	; 100
 102:	20 91 02 01 	lds	r18, 0x0102	; 0x800102 <piscando_continua>
 106:	30 91 03 01 	lds	r19, 0x0103	; 0x800103 <piscando_continua+0x1>
 10a:	23 2b       	or	r18, r19
 10c:	59 f4       	brne	.+22     	; 0x124 <ledsOff+0x3a>
 10e:	2f ef       	ldi	r18, 0xFF	; 255
 110:	30 e7       	ldi	r19, 0x70	; 112
 112:	92 e0       	ldi	r25, 0x02	; 2
 114:	21 50       	subi	r18, 0x01	; 1
 116:	30 40       	sbci	r19, 0x00	; 0
 118:	90 40       	sbci	r25, 0x00	; 0
 11a:	e1 f7       	brne	.-8      	; 0x114 <ledsOff+0x2a>
 11c:	00 c0       	rjmp	.+0      	; 0x11e <ledsOff+0x34>
 11e:	00 00       	nop
 120:	81 50       	subi	r24, 0x01	; 1
 122:	79 f7       	brne	.-34     	; 0x102 <ledsOff+0x18>
 124:	80 91 02 01 	lds	r24, 0x0102	; 0x800102 <piscando_continua>
 128:	90 91 03 01 	lds	r25, 0x0103	; 0x800103 <piscando_continua+0x1>
 12c:	89 2b       	or	r24, r25
 12e:	31 f0       	breq	.+12     	; 0x13c <ledsOff+0x52>
 130:	80 91 00 01 	lds	r24, 0x0100	; 0x800100 <val>
 134:	88 0f       	add	r24, r24
 136:	80 93 00 01 	sts	0x0100, r24	; 0x800100 <val>
 13a:	d7 cf       	rjmp	.-82     	; 0xea <ledsOff>
 13c:	80 91 00 01 	lds	r24, 0x0100	; 0x800100 <val>
 140:	95 b1       	in	r25, 0x05	; 5
 142:	80 95       	com	r24
 144:	89 23       	and	r24, r25
 146:	85 b9       	out	0x05, r24	; 5
 148:	80 91 00 01 	lds	r24, 0x0100	; 0x800100 <val>
 14c:	86 95       	lsr	r24
 14e:	80 93 00 01 	sts	0x0100, r24	; 0x800100 <val>
 152:	80 91 04 01 	lds	r24, 0x0104	; 0x800104 <j>
 156:	81 50       	subi	r24, 0x01	; 1
 158:	80 93 04 01 	sts	0x0104, r24	; 0x800104 <j>
 15c:	c6 cf       	rjmp	.-116    	; 0xea <ledsOff>

0000015e <blink>:
 15e:	80 91 00 01 	lds	r24, 0x0100	; 0x800100 <val>
 162:	94 e6       	ldi	r25, 0x64	; 100
 164:	20 91 02 01 	lds	r18, 0x0102	; 0x800102 <piscando_continua>
 168:	30 91 03 01 	lds	r19, 0x0103	; 0x800103 <piscando_continua+0x1>
 16c:	23 2b       	or	r18, r19
 16e:	91 f0       	breq	.+36     	; 0x194 <blink+0x36>
 170:	25 b1       	in	r18, 0x05	; 5
 172:	28 27       	eor	r18, r24
 174:	25 b9       	out	0x05, r18	; 5
 176:	88 0f       	add	r24, r24
 178:	11 f4       	brne	.+4      	; 0x17e <blink+0x20>
 17a:	80 91 00 01 	lds	r24, 0x0100	; 0x800100 <val>
 17e:	2f ef       	ldi	r18, 0xFF	; 255
 180:	36 e7       	ldi	r19, 0x76	; 118
 182:	41 e0       	ldi	r20, 0x01	; 1
 184:	21 50       	subi	r18, 0x01	; 1
 186:	30 40       	sbci	r19, 0x00	; 0
 188:	40 40       	sbci	r20, 0x00	; 0
 18a:	e1 f7       	brne	.-8      	; 0x184 <blink+0x26>
 18c:	00 c0       	rjmp	.+0      	; 0x18e <blink+0x30>
 18e:	00 00       	nop
 190:	91 50       	subi	r25, 0x01	; 1
 192:	41 f7       	brne	.-48     	; 0x164 <blink+0x6>
 194:	80 91 02 01 	lds	r24, 0x0102	; 0x800102 <piscando_continua>
 198:	90 91 03 01 	lds	r25, 0x0103	; 0x800103 <piscando_continua+0x1>
 19c:	89 2b       	or	r24, r25
 19e:	29 f4       	brne	.+10     	; 0x1aa <blink+0x4c>
 1a0:	80 91 00 01 	lds	r24, 0x0100	; 0x800100 <val>
 1a4:	81 11       	cpse	r24, r1
 1a6:	0c c0       	rjmp	.+24     	; 0x1c0 <blink+0x62>
 1a8:	08 95       	ret
 1aa:	90 91 00 01 	lds	r25, 0x0100	; 0x800100 <val>
 1ae:	85 b1       	in	r24, 0x05	; 5
 1b0:	89 2b       	or	r24, r25
 1b2:	85 b9       	out	0x05, r24	; 5
 1b4:	80 91 00 01 	lds	r24, 0x0100	; 0x800100 <val>
 1b8:	88 0f       	add	r24, r24
 1ba:	80 93 00 01 	sts	0x0100, r24	; 0x800100 <val>
 1be:	f0 cf       	rjmp	.-32     	; 0x1a0 <blink+0x42>
 1c0:	25 b1       	in	r18, 0x05	; 5
 1c2:	98 2f       	mov	r25, r24
 1c4:	90 95       	com	r25
 1c6:	92 23       	and	r25, r18
 1c8:	95 b9       	out	0x05, r25	; 5
 1ca:	88 0f       	add	r24, r24
 1cc:	eb cf       	rjmp	.-42     	; 0x1a4 <blink+0x46>

000001ce <main>:
 1ce:	20 98       	cbi	0x04, 0	; 4
 1d0:	84 b1       	in	r24, 0x04	; 4
 1d2:	8e 63       	ori	r24, 0x3E	; 62
 1d4:	84 b9       	out	0x04, r24	; 4
 1d6:	28 98       	cbi	0x05, 0	; 5
 1d8:	80 91 68 00 	lds	r24, 0x0068	; 0x800068 <__TEXT_REGION_LENGTH__+0x7e0068>
 1dc:	81 60       	ori	r24, 0x01	; 1
 1de:	80 93 68 00 	sts	0x0068, r24	; 0x800068 <__TEXT_REGION_LENGTH__+0x7e0068>
 1e2:	80 91 6b 00 	lds	r24, 0x006B	; 0x80006b <__TEXT_REGION_LENGTH__+0x7e006b>
 1e6:	81 60       	ori	r24, 0x01	; 1
 1e8:	80 93 6b 00 	sts	0x006B, r24	; 0x80006b <__TEXT_REGION_LENGTH__+0x7e006b>
 1ec:	78 94       	sei
 1ee:	80 91 02 01 	lds	r24, 0x0102	; 0x800102 <piscando_continua>
 1f2:	90 91 03 01 	lds	r25, 0x0103	; 0x800103 <piscando_continua+0x1>
 1f6:	89 2b       	or	r24, r25
 1f8:	d1 f3       	breq	.-12     	; 0x1ee <main+0x20>
 1fa:	80 91 04 01 	lds	r24, 0x0104	; 0x800104 <j>
 1fe:	86 30       	cpi	r24, 0x06	; 6
 200:	b0 f7       	brcc	.-20     	; 0x1ee <main+0x20>
 202:	0e 94 af 00 	call	0x15e	; 0x15e <blink>
 206:	80 91 04 01 	lds	r24, 0x0104	; 0x800104 <j>
 20a:	8f 5f       	subi	r24, 0xFF	; 255
 20c:	80 93 04 01 	sts	0x0104, r24	; 0x800104 <j>
 210:	80 91 02 01 	lds	r24, 0x0102	; 0x800102 <piscando_continua>
 214:	90 91 03 01 	lds	r25, 0x0103	; 0x800103 <piscando_continua+0x1>
 218:	89 2b       	or	r24, r25
 21a:	21 f0       	breq	.+8      	; 0x224 <main+0x56>
 21c:	80 91 04 01 	lds	r24, 0x0104	; 0x800104 <j>
 220:	86 30       	cpi	r24, 0x06	; 6
 222:	29 f7       	brne	.-54     	; 0x1ee <main+0x20>
 224:	10 92 03 01 	sts	0x0103, r1	; 0x800103 <piscando_continua+0x1>
 228:	10 92 02 01 	sts	0x0102, r1	; 0x800102 <piscando_continua>
 22c:	0e 94 75 00 	call	0xea	; 0xea <ledsOff>
 230:	de cf       	rjmp	.-68     	; 0x1ee <main+0x20>

00000232 <_exit>:
 232:	f8 94       	cli

00000234 <__stop_program>:
 234:	ff cf       	rjmp	.-2      	; 0x234 <__stop_program>
